<?xml version="1.0" encoding="UTF-8"?>
<testsuite xmlns:xsi="http://www.w3.org/2001/XMLSchema-instance" xsi:noNamespaceSchemaLocation="https://maven.apache.org/surefire/maven-surefire-plugin/xsd/surefire-test-report-3.0.xsd" version="3.0" name="TestSuite" time="26.376" tests="4" errors="0" skipped="0" failures="0">
  <properties>
    <property name="java.specification.version" value="21"/>
    <property name="sun.cpu.isalist" value="amd64"/>
    <property name="sun.jnu.encoding" value="Cp1254"/>
    <property name="java.class.path" value="C:\Users\aydina\IdeaProjects\Automation\target\test-classes;C:\Users\aydina\IdeaProjects\Automation\target\classes;C:\Users\aydina\.m2\repository\com\microsoft\playwright\playwright\1.41.0\playwright-1.41.0.jar;C:\Users\aydina\.m2\repository\com\google\code\gson\gson\2.8.9\gson-2.8.9.jar;C:\Users\aydina\.m2\repository\org\opentest4j\opentest4j\1.2.0\opentest4j-1.2.0.jar;C:\Users\aydina\.m2\repository\com\microsoft\playwright\driver\1.41.0\driver-1.41.0.jar;C:\Users\aydina\.m2\repository\com\microsoft\playwright\driver-bundle\1.41.0\driver-bundle-1.41.0.jar;C:\Users\aydina\.m2\repository\org\testng\testng\7.8.0\testng-7.8.0.jar;C:\Users\aydina\.m2\repository\com\beust\jcommander\1.82\jcommander-1.82.jar;C:\Users\aydina\.m2\repository\org\webjars\jquery\3.6.1\jquery-3.6.1.jar;C:\Users\aydina\.m2\repository\com\aventstack\extentreports\5.1.1\extentreports-5.1.1.jar;C:\Users\aydina\.m2\repository\io\reactivex\rxjava3\rxjava\3.1.6\rxjava-3.1.6.jar;C:\Users\aydina\.m2\repository\org\reactivestreams\reactive-streams\1.0.4\reactive-streams-1.0.4.jar;C:\Users\aydina\.m2\repository\org\projectlombok\lombok\1.18.26\lombok-1.18.26.jar;C:\Users\aydina\.m2\repository\org\freemarker\freemarker\2.3.32\freemarker-2.3.32.jar;C:\Users\aydina\.m2\repository\org\slf4j\slf4j-api\2.0.9\slf4j-api-2.0.9.jar;C:\Users\aydina\.m2\repository\org\slf4j\slf4j-simple\2.0.9\slf4j-simple-2.0.9.jar;"/>
    <property name="java.vm.vendor" value="Oracle Corporation"/>
    <property name="sun.arch.data.model" value="64"/>
    <property name="user.variant" value=""/>
    <property name="java.vendor.url" value="https://java.oracle.com/"/>
    <property name="user.timezone" value="Europe/Istanbul"/>
    <property name="os.name" value="Windows 11"/>
    <property name="java.vm.specification.version" value="21"/>
    <property name="sun.java.launcher" value="SUN_STANDARD"/>
    <property name="user.country" value="TR"/>
    <property name="sun.boot.library.path" value="C:\Program Files\Java\jdk-21\bin"/>
    <property name="sun.java.command" value="C:\Users\aydina\AppData\Local\Temp\surefire5469650132675169163\surefirebooter-20250506145013028_3.jar C:\Users\aydina\AppData\Local\Temp\surefire5469650132675169163 2025-05-06T14-50-12_898-jvmRun1 surefire-20250506145013028_1tmp surefire_0-20250506145013028_2tmp"/>
    <property name="jdk.debug" value="release"/>
    <property name="surefire.test.class.path" value="C:\Users\aydina\IdeaProjects\Automation\target\test-classes;C:\Users\aydina\IdeaProjects\Automation\target\classes;C:\Users\aydina\.m2\repository\com\microsoft\playwright\playwright\1.41.0\playwright-1.41.0.jar;C:\Users\aydina\.m2\repository\com\google\code\gson\gson\2.8.9\gson-2.8.9.jar;C:\Users\aydina\.m2\repository\org\opentest4j\opentest4j\1.2.0\opentest4j-1.2.0.jar;C:\Users\aydina\.m2\repository\com\microsoft\playwright\driver\1.41.0\driver-1.41.0.jar;C:\Users\aydina\.m2\repository\com\microsoft\playwright\driver-bundle\1.41.0\driver-bundle-1.41.0.jar;C:\Users\aydina\.m2\repository\org\testng\testng\7.8.0\testng-7.8.0.jar;C:\Users\aydina\.m2\repository\com\beust\jcommander\1.82\jcommander-1.82.jar;C:\Users\aydina\.m2\repository\org\webjars\jquery\3.6.1\jquery-3.6.1.jar;C:\Users\aydina\.m2\repository\com\aventstack\extentreports\5.1.1\extentreports-5.1.1.jar;C:\Users\aydina\.m2\repository\io\reactivex\rxjava3\rxjava\3.1.6\rxjava-3.1.6.jar;C:\Users\aydina\.m2\repository\org\reactivestreams\reactive-streams\1.0.4\reactive-streams-1.0.4.jar;C:\Users\aydina\.m2\repository\org\projectlombok\lombok\1.18.26\lombok-1.18.26.jar;C:\Users\aydina\.m2\repository\org\freemarker\freemarker\2.3.32\freemarker-2.3.32.jar;C:\Users\aydina\.m2\repository\org\slf4j\slf4j-api\2.0.9\slf4j-api-2.0.9.jar;C:\Users\aydina\.m2\repository\org\slf4j\slf4j-simple\2.0.9\slf4j-simple-2.0.9.jar;"/>
    <property name="sun.cpu.endian" value="little"/>
    <property name="user.home" value="C:\Users\aydina"/>
    <property name="user.language" value="tr"/>
    <property name="java.specification.vendor" value="Oracle Corporation"/>
    <property name="java.version.date" value="2025-01-21"/>
    <property name="java.home" value="C:\Program Files\Java\jdk-21"/>
    <property name="file.separator" value="\"/>
    <property name="basedir" value="C:\Users\aydina\IdeaProjects\Automation"/>
    <property name="java.vm.compressedOopsMode" value="Zero based"/>
    <property name="line.separator" value="&#10;"/>
    <property name="java.vm.specification.vendor" value="Oracle Corporation"/>
    <property name="java.specification.name" value="Java Platform API Specification"/>
    <property name="surefire.real.class.path" value="C:\Users\aydina\AppData\Local\Temp\surefire5469650132675169163\surefirebooter-20250506145013028_3.jar"/>
    <property name="user.script" value=""/>
    <property name="sun.management.compiler" value="HotSpot 64-Bit Tiered Compilers"/>
    <property name="java.runtime.version" value="21.0.6+8-LTS-188"/>
    <property name="user.name" value="aydina"/>
    <property name="stdout.encoding" value="Cp1254"/>
    <property name="path.separator" value=";"/>
    <property name="os.version" value="10.0"/>
    <property name="java.runtime.name" value="Java(TM) SE Runtime Environment"/>
    <property name="file.encoding" value="UTF-8"/>
    <property name="java.vm.name" value="Java HotSpot(TM) 64-Bit Server VM"/>
    <property name="localRepository" value="C:\Users\aydina\.m2\repository"/>
    <property name="java.vendor.url.bug" value="https://bugreport.java.com/bugreport/"/>
    <property name="java.io.tmpdir" value="C:\Users\aydina\AppData\Local\Temp\"/>
    <property name="java.version" value="21.0.6"/>
    <property name="user.dir" value="C:\Users\aydina\IdeaProjects\Automation"/>
    <property name="os.arch" value="amd64"/>
    <property name="java.vm.specification.name" value="Java Virtual Machine Specification"/>
    <property name="sun.os.patch.level" value=""/>
    <property name="native.encoding" value="Cp1254"/>
    <property name="java.library.path" value="C:\Program Files\Java\jdk-21\bin;C:\WINDOWS\Sun\Java\bin;C:\WINDOWS\system32;C:\WINDOWS;C:\Program Files\Common Files\Oracle\Java\javapath;C:\Program Files (x86)\Common Files\Oracle\Java\javapath;C:\WINDOWS\system32;C:\WINDOWS;C:\WINDOWS\System32\Wbem;C:\WINDOWS\System32\WindowsPowerShell\v1.0\;C:\WINDOWS\System32\OpenSSH\;C:\Program Files\Java\jdk-21\bin;C:\Program Files\Java\jdk-21\bin;C:\Program Files\apache-maven-3.8.5\bin;C:\Program Files\Git\cmd;C:\Program Files\nodejs\;C:\Users\aydina\AppData\Local\Programs\Python\Python311\Scripts\;C:\Users\aydina\AppData\Local\Programs\Python\Python311\;C:\Users\aydina\AppData\Local\Microsoft\WindowsApps;C:\Program Files\JetBrains\IntelliJ IDEA Community Edition 2022.1.2\bin;;C:\Program Files\apache-maven-3.8.5\bin;C:\Users\aydina\AppData\Roaming\npm;C:\Users\aydina\AppData\Local\Programs\cursor\resources\app\bin;."/>
    <property name="java.vm.info" value="mixed mode, sharing"/>
    <property name="stderr.encoding" value="Cp1254"/>
    <property name="java.vendor" value="Oracle Corporation"/>
    <property name="java.vm.version" value="21.0.6+8-LTS-188"/>
    <property name="sun.io.unicode.encoding" value="UnicodeLittle"/>
    <property name="java.class.version" value="65.0"/>
  </properties>
  <testcase name="lockedOutUserLogin" classname="tests.LoginTest" time="0.525"/>
  <testcase name="problemUser" classname="tests.LoginTest" time="1.04"/>
  <testcase name="successfulLogin" classname="tests.LoginTest" time="1.555"/>
  <testcase name="validateScrollFunctionality" classname="tests.ScrollTest" time="3.064"/>
</testsuite>