<?xml version="1.0" encoding="UTF-8"?>
<!-- Generated by org.testng.reporters.JUnitReportReporter -->
<testsuite hostname="AbdulkadirAydÄ±n" failures="0" tests="3" name="tests.LoginTest" time="18.366" errors="0" timestamp="2025-05-06T14:50:39 TRT" skipped="0">
  <testcase classname="tests.LoginTest" name="successfulLogin" time="5.285"/>
  <testcase classname="tests.LoginTest" name="problemUser" time="5.090"/>
  <testcase classname="tests.LoginTest" name="lockedOutUserLogin" time="7.991"/>
</testsuite> <!-- tests.LoginTest -->
