<?xml version="1.0" encoding="UTF-8"?>
<!-- Generated by org.testng.reporters.JUnitReportReporter -->
<testsuite hostname="AbdulkadirAydÄ±n" failures="0" tests="1" name="tests.ScrollTest" time="6.850" errors="0" timestamp="2025-05-06T14:50:39 TRT" skipped="0">
  <testcase classname="tests.ScrollTest" name="validateScrollFunctionality" time="6.850"/>
</testsuite> <!-- tests.ScrollTest -->
